<?xml version="1.0" encoding="utf-8"?><testsuites name="pytest tests"><testsuite name="pytest" errors="0" failures="0" skipped="0" tests="7" time="8.583" timestamp="2026-08-25T12:38:20.284995-04:00" hostname="ErOs-Nitro"><testcase classname="tests.test_portfolio_operators" name="test_r1_bridge_pino_is_causal_and_enforces_hard_bc" time="0.039" /><testcase classname="tests.test_portfolio_operators" name="test_r2_mo_pigno_has_separate_finite_six_dof_heads_and_exact_bc" time="0.023" /><testcase classname="tests.test_portfolio_operators" name="test_r3_graph_galerkin_forward_and_residual_spaces_are_compatible" time="0.026" /><testcase classname="tests.test_portfolio_operators" name="test_r4_port_hamiltonian_structure_and_residual_operator" time="0.030" /><testcase classname="tests.test_portfolio_operators" name="test_r4_fitted_opinf_is_dissipative_causal_and_residual_connected" time="0.182" /><testcase classname="tests.test_portfolio_operators" name="test_r5_rotation_multiscale_respects_polar_axial_types_and_is_finite" time="0.023" /><testcase classname="tests.test_portfolio_operators" name="test_r6_ritz_krylov_is_m_orthonormal_and_residual_zero_starts" time="0.023" /></testsuite></testsuites>