<?xml version="1.0" encoding="utf-8"?><testsuites name="pytest tests"><testsuite name="pytest" errors="0" failures="0" skipped="0" tests="12" time="6.641" timestamp="2026-08-11T12:27:32.185417-04:00" hostname="ErOs-Nitro"><testcase classname="tests.test_portfolio_operators" name="test_r1_bridge_pino_is_causal_and_enforces_hard_bc" time="0.020" /><testcase classname="tests.test_portfolio_operators" name="test_r2_mo_pigno_has_separate_finite_six_dof_heads_and_exact_bc" time="0.017" /><testcase classname="tests.test_portfolio_operators" name="test_r3_graph_galerkin_forward_and_residual_spaces_are_compatible" time="0.011" /><testcase classname="tests.test_portfolio_operators" name="test_r4_port_hamiltonian_structure_and_residual_operator" time="0.012" /><testcase classname="tests.test_portfolio_operators" name="test_r4_fitted_opinf_is_dissipative_causal_and_residual_connected" time="0.944" /><testcase classname="tests.test_portfolio_operators" name="test_r5_rotation_multiscale_respects_polar_axial_types_and_is_finite" time="0.004" /><testcase classname="tests.test_portfolio_operators" name="test_r6_ritz_krylov_is_m_orthonormal_and_residual_zero_starts" time="0.008" /><testcase classname="tests.test_s10_pooled_promotion_gate" name="test_pooled_l2_uses_complete_field_energy_not_mean_case_ratio" time="0.009" /><testcase classname="tests.test_s10_pooled_promotion_gate" name="test_promotion_noninferiority_is_noncompensatory_across_pooled_p90_worst" time="0.005" /><testcase classname="tests.test_s12_evidence_context" name="test_negative_context_keeps_exactly_one_real_seed" time="0.018" /><testcase classname="tests.test_s12_evidence_context" name="test_negative_context_normalizes_only_candidate_and_unique_b2" time="0.056" /><testcase classname="tests.test_s12_evidence_context" name="test_fallback_rejects_a_promoted_route" time="0.004" /></testsuite></testsuites>